<?xml version="1.0" encoding="utf-8" standalone="no"?>
<!--This file represents the results of running a test suite-->
<test-results name="E:\Inna\courses\inna\Занятие7\BankAPItests\bin\Debug\BankAPItests.dll" total="2" errors="0" failures="1" not-run="0" inconclusive="0" ignored="0" skipped="0" invalid="0" date="2015-02-03" time="11:03:11">
  <environment nunit-version="2.6.4.14350" clr-version="2.0.50727.8009" os-version="Microsoft Windows NT 6.2.9200.0" platform="Win32NT" cwd="C:\Program Files (x86)\NUnit 2.6.4\bin" machine-name="ACER-PC" user="user" user-domain="ACER-PC" />
  <culture-info current-culture="en-US" current-uiculture="en-US" />
  <test-suite type="Assembly" name="E:\Inna\courses\inna\Занятие7\BankAPItests\bin\Debug\BankAPItests.dll" executed="True" result="Failure" success="False" time="0.242" asserts="0">
    <results>
      <test-suite type="Namespace" name="Bank" executed="True" result="Failure" success="False" time="0.203" asserts="0">
        <results>
          <test-suite type="TestFixture" name="BankAPItests" executed="True" result="Failure" success="False" time="0.187" asserts="0">
            <results>
              <test-case name="Bank.BankAPItests.Debit_WithValidAmount_UpdatesBalance" executed="True" result="Success" success="True" time="0.109" asserts="1" />
              <test-case name="Bank.BankAPItests.Debit_WithValidAmount_UpdatesBalance_error" executed="True" result="Failure" success="False" time="0.035" asserts="1">
                <failure>
                  <message><![CDATA[  Account not debited correctly
  Expected: 8.4399999999999995d +/- 0.001d
  But was:  7.4400000000000004d
]]></message>
                  <stack-trace><![CDATA[at Bank.BankAPItests.Debit_WithValidAmount_UpdatesBalance_error() in e:\Inna\courses\inna\Занятие7\BankAPItests\BankAPItests.cs:line 50
]]></stack-trace>
                </failure>
              </test-case>
            </results>
          </test-suite>
        </results>
      </test-suite>
    </results>
  </test-suite>
</test-results>