<?xml version="1.0" encoding="utf-8" standalone="no"?>
<!--This file represents the results of running a test suite-->
<test-results name="E:\Inna\courses\inna\Занятие7\CalculatorUITests\bin\Debug\CalculatorUITests.dll" total="1" errors="0" failures="0" not-run="0" inconclusive="0" ignored="0" skipped="0" invalid="0" date="2015-02-23" time="20:37:13">
  <environment nunit-version="2.6.4.14350" clr-version="2.0.50727.8009" os-version="Microsoft Windows NT 6.2.9200.0" platform="Win32NT" cwd="C:\Program Files (x86)\NUnit 2.6.4\bin" machine-name="ACER-PC" user="user" user-domain="ACER-PC" />
  <culture-info current-culture="en-US" current-uiculture="en-US" />
  <test-suite type="Assembly" name="E:\Inna\courses\inna\Занятие7\CalculatorUITests\bin\Debug\CalculatorUITests.dll" executed="True" result="Success" success="True" time="20.926" asserts="0">
    <results>
      <test-suite type="Namespace" name="CalculatorUITests" executed="True" result="Success" success="True" time="20.877" asserts="0">
        <results>
          <test-suite type="TestFixture" name="CalculatorUITests" executed="True" result="Success" success="True" time="20.833" asserts="0">
            <results>
              <test-case name="CalculatorUITests.CalculatorUITests.multiplicationTest" executed="True" result="Success" success="True" time="20.794" asserts="2" />
            </results>
          </test-suite>
        </results>
      </test-suite>
    </results>
  </test-suite>
</test-results>